<?xml version="1.0" encoding="UTF-8"?>
<!-- Generated by org.testng.reporters.JUnitXMLReporter -->
<testsuite ignored="0" hostname="SanRitVijay" failures="0" tests="5" name="Login" time="46.327" errors="0" timestamp="2024-12-13T21:41:01 GMT-07:00">
  <testcase classname="com.testng.test.LoginTest" name="checkrememberMe" time="5.579"/>
  <testcase classname="com.testng.test.LoginTest" name="forgotPassword" time="3.017"/>
  <testcase classname="com.testng.test.LoginTest" name="invalidCredentials" time="11.473"/>
  <testcase classname="com.testng.test.LoginTest" name="noPassword" time="2.84"/>
  <testcase classname="com.testng.test.LoginTest" name="successfullLogin" time="5.583"/>
</testsuite> <!-- Login -->
