<?xml version="1.0" encoding="UTF-8"?>
<!-- Generated by org.testng.reporters.JUnitXMLReporter -->
<testsuite hostname="SanRitVijay" ignored="3" name="Default test" tests="1" failures="0" timestamp="2024-12-12T23:25:46 MST" time="7.603" errors="0">
  <testcase name="noPassword" time="1.722" classname="com.testng.test.LoginTest"/>
  <testcase name="forgotPassword" time="0.0" classname="com.testng.test.LoginTest">
    <ignored/>
  </testcase> <!-- forgotPassword -->
  <testcase name="invalidCredentials" time="0.0" classname="com.testng.test.LoginTest">
    <ignored/>
  </testcase> <!-- invalidCredentials -->
  <testcase name="successfullLogin" time="0.0" classname="com.testng.test.LoginTest">
    <ignored/>
  </testcase> <!-- successfullLogin -->
</testsuite> <!-- Default test -->
