<?xml version="1.0" encoding="UTF-8"?>
<testng-results ignored="0" total="5" passed="5" failed="0" skipped="0">
  <reporter-output>
  </reporter-output>
  <suite started-at="2024-12-13T21:40:15 GMT-07:00" name="Salesfore Automation" finished-at="2024-12-13T21:41:01 GMT-07:00" duration-ms="46327">
    <groups>
    </groups>
    <test started-at="2024-12-13T21:40:15 GMT-07:00" name="Login" finished-at="2024-12-13T21:41:01 GMT-07:00" duration-ms="46327">
      <class name="com.testng.test.LoginTest">
        <test-method is-config="true" signature="beforeMethod()[pri:0, instance:com.testng.test.LoginTest@48e4374]" started-at="2024-12-13T21:40:15 GMT-07:00" name="beforeMethod" finished-at="2024-12-13T21:40:19 GMT-07:00" duration-ms="4170" status="PASS">
          <reporter-output>
          </reporter-output>
        </test-method> <!-- beforeMethod -->
        <test-method signature="checkrememberMe()[pri:0, instance:com.testng.test.LoginTest@48e4374]" started-at="2024-12-13T21:40:19 GMT-07:00" name="checkrememberMe" finished-at="2024-12-13T21:40:25 GMT-07:00" duration-ms="5579" status="PASS">
          <reporter-output>
          </reporter-output>
        </test-method> <!-- checkrememberMe -->
        <test-method is-config="true" signature="tearDown()[pri:0, instance:com.testng.test.LoginTest@48e4374]" started-at="2024-12-13T21:40:25 GMT-07:00" name="tearDown" finished-at="2024-12-13T21:40:25 GMT-07:00" duration-ms="86" status="PASS">
          <reporter-output>
          </reporter-output>
        </test-method> <!-- tearDown -->
        <test-method is-config="true" signature="beforeMethod()[pri:0, instance:com.testng.test.LoginTest@48e4374]" started-at="2024-12-13T21:40:25 GMT-07:00" name="beforeMethod" finished-at="2024-12-13T21:40:27 GMT-07:00" duration-ms="2522" status="PASS">
          <reporter-output>
          </reporter-output>
        </test-method> <!-- beforeMethod -->
        <test-method signature="forgotPassword()[pri:0, instance:com.testng.test.LoginTest@48e4374]" started-at="2024-12-13T21:40:27 GMT-07:00" name="forgotPassword" finished-at="2024-12-13T21:40:30 GMT-07:00" duration-ms="3017" status="PASS">
          <reporter-output>
          </reporter-output>
        </test-method> <!-- forgotPassword -->
        <test-method is-config="true" signature="tearDown()[pri:0, instance:com.testng.test.LoginTest@48e4374]" started-at="2024-12-13T21:40:30 GMT-07:00" name="tearDown" finished-at="2024-12-13T21:40:31 GMT-07:00" duration-ms="88" status="PASS">
          <reporter-output>
          </reporter-output>
        </test-method> <!-- tearDown -->
        <test-method is-config="true" signature="beforeMethod()[pri:0, instance:com.testng.test.LoginTest@48e4374]" started-at="2024-12-13T21:40:31 GMT-07:00" name="beforeMethod" finished-at="2024-12-13T21:40:33 GMT-07:00" duration-ms="2896" status="PASS">
          <reporter-output>
          </reporter-output>
        </test-method> <!-- beforeMethod -->
        <test-method signature="invalidCredentials()[pri:0, instance:com.testng.test.LoginTest@48e4374]" started-at="2024-12-13T21:40:33 GMT-07:00" name="invalidCredentials" finished-at="2024-12-13T21:40:45 GMT-07:00" duration-ms="11473" status="PASS">
          <reporter-output>
          </reporter-output>
        </test-method> <!-- invalidCredentials -->
        <test-method is-config="true" signature="tearDown()[pri:0, instance:com.testng.test.LoginTest@48e4374]" started-at="2024-12-13T21:40:45 GMT-07:00" name="tearDown" finished-at="2024-12-13T21:40:45 GMT-07:00" duration-ms="81" status="PASS">
          <reporter-output>
          </reporter-output>
        </test-method> <!-- tearDown -->
        <test-method is-config="true" signature="beforeMethod()[pri:0, instance:com.testng.test.LoginTest@48e4374]" started-at="2024-12-13T21:40:45 GMT-07:00" name="beforeMethod" finished-at="2024-12-13T21:40:48 GMT-07:00" duration-ms="3276" status="PASS">
          <reporter-output>
          </reporter-output>
        </test-method> <!-- beforeMethod -->
        <test-method signature="noPassword()[pri:0, instance:com.testng.test.LoginTest@48e4374]" started-at="2024-12-13T21:40:48 GMT-07:00" name="noPassword" finished-at="2024-12-13T21:40:51 GMT-07:00" duration-ms="2840" status="PASS">
          <reporter-output>
          </reporter-output>
        </test-method> <!-- noPassword -->
        <test-method is-config="true" signature="tearDown()[pri:0, instance:com.testng.test.LoginTest@48e4374]" started-at="2024-12-13T21:40:51 GMT-07:00" name="tearDown" finished-at="2024-12-13T21:40:51 GMT-07:00" duration-ms="101" status="PASS">
          <reporter-output>
          </reporter-output>
        </test-method> <!-- tearDown -->
        <test-method is-config="true" signature="beforeMethod()[pri:0, instance:com.testng.test.LoginTest@48e4374]" started-at="2024-12-13T21:40:51 GMT-07:00" name="beforeMethod" finished-at="2024-12-13T21:40:55 GMT-07:00" duration-ms="4277" status="PASS">
          <reporter-output>
          </reporter-output>
        </test-method> <!-- beforeMethod -->
        <test-method signature="successfullLogin()[pri:0, instance:com.testng.test.LoginTest@48e4374]" started-at="2024-12-13T21:40:55 GMT-07:00" name="successfullLogin" finished-at="2024-12-13T21:41:01 GMT-07:00" duration-ms="5583" status="PASS">
          <reporter-output>
          </reporter-output>
        </test-method> <!-- successfullLogin -->
        <test-method is-config="true" signature="tearDown()[pri:0, instance:com.testng.test.LoginTest@48e4374]" started-at="2024-12-13T21:41:01 GMT-07:00" name="tearDown" finished-at="2024-12-13T21:41:01 GMT-07:00" duration-ms="88" status="PASS">
          <reporter-output>
          </reporter-output>
        </test-method> <!-- tearDown -->
      </class> <!-- com.testng.test.LoginTest -->
    </test> <!-- Login -->
  </suite> <!-- Salesfore Automation -->
</testng-results>
